*** Starting uWSGI 2.0.17 (32bit) on [Tue May  8 00:40:16 2018] ***
compiled with version: 5.4.0 20160609 on 07 May 2018 13:53:14
os: Linux-4.4.0-85-generic #108-Ubuntu SMP Mon Jul 3 17:24:35 UTC 2017
nodename: iZwz9cny0ii2itsagfwg7gZ
machine: i686
clock source: unix
detected number of CPU cores: 1
current working directory: /root/blogproject
writing pidfile to /root/blogproject/uwsgi.pid
detected binary path: /usr/local/bin/uwsgi
!!! no internal routing support, rebuild with pcre support !!!
uWSGI running as root, you can use --uid/--gid/--chroot options
*** WARNING: you are running uWSGI as root !!! (use the --uid flag) *** 
chdir() to /root/blogproject/
your processes number limit is 15850
your memory page size is 4096 bytes
detected max file descriptor number: 65535
lock engine: pthread robust mutexes
thunder lock: disabled (you can enable it with --thunder-lock)
probably another instance of uWSGI is running on the same address (127.0.0.1:8001).
bind(): Address already in use [core/socket.c line 769]
